0 info it worked if it ends with ok
1 verbose cli [ 'C:\\Program Files\\nodejs\\node.exe',
1 verbose cli   'C:\\Program Files\\nodejs\\node_modules\\npm\\bin\\npm-cli.js',
1 verbose cli   'start' ]
2 info using npm@3.10.9
3 info using node@v7.2.0
4 verbose run-script [ 'prestart', 'start', 'poststart' ]
5 info lifecycle simple-app@0.1.0~prestart: simple-app@0.1.0
6 silly lifecycle simple-app@0.1.0~prestart: no script for prestart, continuing
7 info lifecycle simple-app@0.1.0~start: simple-app@0.1.0
8 verbose lifecycle simple-app@0.1.0~start: unsafe-perm in lifecycle true
9 verbose lifecycle simple-app@0.1.0~start: PATH: C:\Program Files\nodejs\node_modules\npm\bin\node-gyp-bin;C:\Users\reitersg\Documents\simple-app\node_modules\.bin;C:\Users\reitersg\Documents\avatar_use_cases\scheduling_events\web_server\Python27\;C:\Users\reitersg\Documents\avatar_use_cases\scheduling_events\web_server\Python27\Scripts;C:\ProgramData\Oracle\Java\javapath;C:\Program Files\Java\jdk1.8.0_73\bin;C:\Program Files\WIDCOMM\Bluetooth Software\;C:\Program Files\WIDCOMM\Bluetooth Software\syswow64;C:\Program Files\nodejs\;C:\Program Files (x86)\OpenSSH\bin;C:\Program Files (x86)\Skype\Phone\;C:\Program Files (x86)\Microsoft SQL Server\Client SDK\ODBC\130\Tools\Binn\;C:\Program Files (x86)\Microsoft SQL Server\140\Tools\Binn\;C:\Program Files (x86)\Microsoft SQL Server\140\DTS\Binn\;C:\Program Files (x86)\Microsoft SQL Server\140\Tools\Binn\ManagementStudio\;C:\Users\reitersg\AppData\Roaming\npm
10 verbose lifecycle simple-app@0.1.0~start: CWD: C:\Users\reitersg\Documents\simple-app
11 silly lifecycle simple-app@0.1.0~start: Args: [ '/d /s /c',
11 silly lifecycle   'webpack-dev-server -d --hot --inline --progress --colors' ]
12 silly lifecycle simple-app@0.1.0~start: Returned: code: 3221225786  signal: null
13 info lifecycle simple-app@0.1.0~start: Failed to exec start script
14 verbose stack Error: simple-app@0.1.0 start: `webpack-dev-server -d --hot --inline --progress --colors`
14 verbose stack Exit status 3221225786
14 verbose stack     at EventEmitter.<anonymous> (C:\Program Files\nodejs\node_modules\npm\lib\utils\lifecycle.js:255:16)
14 verbose stack     at emitTwo (events.js:106:13)
14 verbose stack     at EventEmitter.emit (events.js:191:7)
14 verbose stack     at ChildProcess.<anonymous> (C:\Program Files\nodejs\node_modules\npm\lib\utils\spawn.js:40:14)
14 verbose stack     at emitTwo (events.js:106:13)
14 verbose stack     at ChildProcess.emit (events.js:191:7)
14 verbose stack     at maybeClose (internal/child_process.js:885:16)
14 verbose stack     at Process.ChildProcess._handle.onexit (internal/child_process.js:226:5)
15 verbose pkgid simple-app@0.1.0
16 verbose cwd C:\Users\reitersg\Documents\simple-app
17 error Windows_NT 6.1.7601
18 error argv "C:\\Program Files\\nodejs\\node.exe" "C:\\Program Files\\nodejs\\node_modules\\npm\\bin\\npm-cli.js" "start"
19 error node v7.2.0
20 error npm  v3.10.9
21 error code ELIFECYCLE
22 error simple-app@0.1.0 start: `webpack-dev-server -d --hot --inline --progress --colors`
22 error Exit status 3221225786
23 error Failed at the simple-app@0.1.0 start script 'webpack-dev-server -d --hot --inline --progress --colors'.
23 error Make sure you have the latest version of node.js and npm installed.
23 error If you do, this is most likely a problem with the simple-app package,
23 error not with npm itself.
23 error Tell the author that this fails on your system:
23 error     webpack-dev-server -d --hot --inline --progress --colors
23 error You can get information on how to open an issue for this project with:
23 error     npm bugs simple-app
23 error Or if that isn't available, you can get their info via:
23 error     npm owner ls simple-app
23 error There is likely additional logging output above.
24 verbose exit [ 1, true ]
